2022-04-13 13:00:20[db.config.js] info: "MongoDB connection succeeded."
2022-04-13 13:02:37[db.config.js] info: "MongoDB connection succeeded."
2022-04-13 13:03:19[db.config.js] info: "MongoDB connection succeeded."
2022-04-13 13:03:38[db.config.js] info: "MongoDB connection succeeded."
2022-04-13 13:03:48[db.config.js] info: "MongoDB connection succeeded."
2022-04-13 13:04:28[db.config.js] info: "MongoDB connection succeeded."
2022-04-13 13:04:37[db.config.js] info: "MongoDB connection succeeded."
2022-04-13 13:04:42[db.config.js] info: "MongoDB connection succeeded."
2022-04-13 13:04:49[db.config.js] info: "MongoDB connection succeeded."
2022-04-13 13:04:52[db.config.js] info: "MongoDB connection succeeded."
2022-04-13 13:04:55[db.config.js] info: "MongoDB connection succeeded."
2022-04-13 13:05:05[db.config.js] info: "MongoDB connection succeeded."
2022-04-13 13:05:10[db.config.js] info: "MongoDB connection succeeded."
2022-04-13 13:05:30[db.config.js] info: "MongoDB connection succeeded."
2022-04-13 13:05:36[db.config.js] info: "MongoDB connection succeeded."
2022-04-13 13:05:42[db.config.js] info: "MongoDB connection succeeded."
2022-04-13 13:12:55[db.config.js] info: "MongoDB connection succeeded."
2022-04-13 13:13:22[db.config.js] info: "MongoDB connection succeeded."
2022-04-13 13:14:14[db.config.js] info: "MongoDB connection succeeded."
2022-04-13 13:14:20[db.config.js] info: "MongoDB connection succeeded."
2022-04-13 13:14:40[db.config.js] info: "MongoDB connection succeeded."
2022-04-13 13:14:51[db.config.js] info: "MongoDB connection succeeded."
2022-04-13 13:14:57[db.config.js] info: "MongoDB connection succeeded."
2022-04-13 13:16:55[db.config.js] info: "MongoDB connection succeeded."
2022-04-13 13:17:16[db.config.js] info: "MongoDB connection succeeded."
2022-04-13 13:19:24[db.config.js] warn: "ENV ENTER:undefined"
2022-04-13 13:19:26[db.config.js] info: "MongoDB connection succeeded."
2022-04-13 13:27:52[db.config.js] warn: "ENV ENTER:undefined"
2022-04-13 13:27:52[db.config.js] info: "Server started at port : 3009"
2022-04-13 13:27:58[db.config.js] info: "MongoDB connection succeeded."
2022-04-13 13:31:16[config.js] warn: "DEFAULT ENV:undefined"
2022-04-13 13:31:17[config.js] warn: "ENV ENTER:undefined"
2022-04-13 13:31:17[config.js] info: "Server started at port : 3009"
2022-04-13 13:31:18[config.js] warn: "DEFAULT ENV:undefined"
2022-04-13 13:31:19[config.js] warn: "ENV ENTER:undefined"
2022-04-13 13:31:19[config.js] info: "Server started at port : 3009"
2022-04-13 13:31:22[config.js] info: "MongoDB connection succeeded."
2022-04-13 13:32:02[config.js] warn: "DEFAULT ENV:preproduction"
2022-04-13 13:32:03[config.js] warn: "ENV ENTER:undefined"
2022-04-13 13:32:03[config.js] info: "Server started at port : 3009"
2022-04-13 13:32:06[config.js] info: "MongoDB connection succeeded."
2022-04-13 13:34:11[config.js] warn: "DEFAULT ENV:preproduction"
2022-04-13 13:34:12[config.js] warn: "ENV ENTER:undefined"
2022-04-13 13:34:12[config.js] info: "Server started at port : 3009"
2022-04-13 13:34:20[config.js] warn: "DEFAULT ENV:preproduction"
2022-04-13 13:34:21[config.js] warn: "ENV ENTER:undefined"
2022-04-13 13:34:21[config.js] info: "Server started at port : 3009"
2022-04-13 13:34:24[config.js] info: "MongoDB connection succeeded."
2022-04-13 13:34:26[config.js] warn: "DEFAULT ENV:preproduction"
2022-04-13 13:34:27[config.js] warn: "ENV ENTER:undefined"
2022-04-13 13:34:27[config.js] info: "Server started at port : 3009"
2022-04-13 13:34:38[config.js] warn: "DEFAULT ENV:preproduction"
2022-04-13 13:34:39[config.js] warn: "ENV ENTER:undefined"
2022-04-13 13:34:39[config.js] info: "Server started at port : 3009"
2022-04-13 13:34:41[config.js] warn: "DEFAULT ENV:preproduction"
2022-04-13 13:34:43[config.js] warn: "DEFAULT ENV:preproduction"
2022-04-13 13:34:47[config.js] warn: "DEFAULT ENV:preproduction"
2022-04-13 13:34:50[config.js] info: "MongoDB connection succeeded."
2022-04-13 13:35:10[config.js] warn: "DEFAULT ENV:preproduction"
2022-04-13 13:35:14[config.js] info: "MongoDB connection succeeded."
2022-04-13 13:35:15[config.js] warn: "DEFAULT ENV:preproduction"
2022-04-13 13:35:19[config.js] info: "MongoDB connection succeeded."
2022-04-13 13:35:30[config.js] warn: "DEFAULT ENV:preproduction"
2022-04-13 13:35:32[config.js] warn: "DEFAULT ENV:preproduction"
2022-04-13 13:35:35[config.js] info: "MongoDB connection succeeded."
2022-04-13 13:35:40[config.js] warn: "DEFAULT ENV:preproduction"
2022-04-13 13:35:43[config.js] info: "MongoDB connection succeeded."
2022-04-13 13:35:44[config.js] warn: "DEFAULT ENV:preproduction"
2022-04-13 13:35:47[config.js] info: "MongoDB connection succeeded."
2022-04-13 13:35:48[config.js] warn: "DEFAULT ENV:preproduction"
2022-04-13 13:35:52[config.js] info: "MongoDB connection succeeded."
2022-04-13 13:36:01[config.js] warn: "DEFAULT ENV:preproduction"
2022-04-13 13:36:03[config.js] warn: "ENV ENTER:undefined"
2022-04-13 13:36:03[config.js] info: "Server started at port : 3009"
2022-04-13 13:36:05[config.js] info: "MongoDB connection succeeded."
2022-04-13 13:36:12[config.js] warn: "DEFAULT ENV:preproduction"
2022-04-13 13:36:15[config.js] info: "MongoDB connection succeeded."
2022-04-13 13:36:48[config.js] warn: "DEFAULT ENV:preproduction"
2022-04-13 13:36:52[config.js] info: "MongoDB connection succeeded."
2022-04-13 13:37:01[config.js] warn: "DEFAULT ENV:preproduction"
2022-04-13 13:37:05[config.js] info: "MongoDB connection succeeded."
2022-04-13 13:37:40[config.js] warn: "DEFAULT ENV:preproduction"
2022-04-13 13:37:42[config.js] warn: "DEFAULT ENV:preproduction"
2022-04-13 13:37:45[config.js] info: "MongoDB connection succeeded."
2022-04-13 13:37:50[config.js] warn: "DEFAULT ENV:preproduction"
2022-04-13 13:37:53[config.js] info: "MongoDB connection succeeded."
2022-04-13 13:37:54[config.js] warn: "DEFAULT ENV:preproduction"
2022-04-13 13:37:57[config.js] warn: "DEFAULT ENV:preproduction"
2022-04-13 13:38:00[config.js] info: "MongoDB connection succeeded."
2022-04-13 13:38:23[config.js] warn: "DEFAULT ENV:preproduction"
2022-04-13 13:38:26[config.js] info: "MongoDB connection succeeded."
2022-04-13 13:38:37[config.js] warn: "DEFAULT ENV:preproduction"
2022-04-13 13:38:39[config.js] warn: "DEFAULT ENV:preproduction"
2022-04-13 13:38:42[config.js] info: "MongoDB connection succeeded."
2022-04-13 13:39:15[config.js] warn: "DEFAULT ENV:preproduction"
2022-04-13 13:39:20[config.js] warn: "DEFAULT ENV:preproduction"
2022-04-13 13:39:24[config.js] warn: "DEFAULT ENV:preproduction"
2022-04-13 13:39:26[config.js] warn: "DEFAULT ENV:preproduction"
2022-04-13 13:39:30[config.js] info: "MongoDB connection succeeded."
2022-04-13 13:39:32[config.js] warn: "DEFAULT ENV:preproduction"
2022-04-13 13:39:39[config.js] warn: "DEFAULT ENV:preproduction"
2022-04-13 13:39:43[config.js] info: "MongoDB connection succeeded."
2022-04-13 13:39:51[config.js] warn: "DEFAULT ENV:preproduction"
2022-04-13 13:39:52[config.js] warn: "DEFAULT ENV:preproduction"
2022-04-13 13:39:56[config.js] info: "MongoDB connection succeeded."
2022-04-13 13:40:01[config.js] warn: "DEFAULT ENV:preproduction"
2022-04-13 13:40:04[config.js] info: "MongoDB connection succeeded."
2022-04-13 13:40:10[config.js] warn: "DEFAULT ENV:preproduction"
2022-04-13 13:40:13[config.js] info: "MongoDB connection succeeded."
2022-04-13 13:40:20[config.js] warn: "DEFAULT ENV:preproduction"
2022-04-13 13:40:23[config.js] info: "MongoDB connection succeeded."
2022-04-13 13:40:25[config.js] warn: "DEFAULT ENV:preproduction"
2022-04-13 13:40:29[config.js] info: "MongoDB connection succeeded."
2022-04-13 13:40:35[config.js] warn: "DEFAULT ENV:preproduction"
2022-04-13 13:40:39[config.js] info: "MongoDB connection succeeded."
2022-04-13 13:40:42[config.js] warn: "DEFAULT ENV:preproduction"
2022-04-13 13:40:46[config.js] info: "MongoDB connection succeeded."
2022-04-13 13:40:49[config.js] warn: "DEFAULT ENV:preproduction"
2022-04-13 13:40:52[config.js] info: "MongoDB connection succeeded."
2022-04-13 13:40:54[config.js] warn: "DEFAULT ENV:preproduction"
2022-04-13 13:40:57[config.js] info: "MongoDB connection succeeded."
2022-04-13 13:41:23[config.js] warn: "DEFAULT ENV:preproduction"
2022-04-13 13:41:26[config.js] warn: "DEFAULT ENV:preproduction"
2022-04-13 13:41:29[config.js] info: "MongoDB connection succeeded."
2022-04-13 13:41:30[config.js] warn: "DEFAULT ENV:preproduction"
2022-04-13 13:41:32[config.js] warn: "DEFAULT ENV:preproduction"
2022-04-13 13:41:35[config.js] warn: "DEFAULT ENV:preproduction"
2022-04-13 13:41:38[config.js] info: "MongoDB connection succeeded."
2022-04-13 13:41:40[config.js] warn: "DEFAULT ENV:preproduction"
2022-04-13 13:41:44[config.js] info: "MongoDB connection succeeded."
2022-04-13 13:41:55[config.js] warn: "DEFAULT ENV:preproduction"
2022-04-13 13:41:58[config.js] info: "MongoDB connection succeeded."
2022-04-13 13:41:58[config.js] warn: "DEFAULT ENV:preproduction"
2022-04-13 13:42:01[config.js] info: "MongoDB connection succeeded."
2022-04-13 13:42:26[config.js] warn: "DEFAULT ENV:preproduction"
2022-04-13 13:42:30[config.js] warn: "DEFAULT ENV:preproduction"
2022-04-13 13:42:33[config.js] info: "MongoDB connection succeeded."
2022-04-13 13:42:33[config.js] warn: "DEFAULT ENV:preproduction"
2022-04-13 13:42:37[config.js] info: "MongoDB connection succeeded."
2022-04-13 13:42:43[config.js] warn: "DEFAULT ENV:preproduction"
2022-04-13 13:42:46[config.js] info: "MongoDB connection succeeded."
2022-04-13 13:42:54[config.js] warn: "DEFAULT ENV:preproduction"
2022-04-13 13:42:56[config.js] warn: "DEFAULT ENV:preproduction"
2022-04-13 13:42:59[config.js] info: "MongoDB connection succeeded."
2022-04-13 13:43:01[config.js] warn: "DEFAULT ENV:preproduction"
2022-04-13 13:43:04[config.js] info: "MongoDB connection succeeded."
