2022-04-13 15:00:49[config.js] warn: "DEFAULT ENV:preproduction"
2022-04-13 15:00:50[config.js] warn: "ENV ENTER:undefined"
2022-04-13 15:00:50[config.js] info: "Server started at port : 3000"
2022-04-13 15:00:57[config.js] info: "MongoDB connection succeeded."
2022-04-13 15:01:21[config.js] warn: "DEFAULT ENV:preproduction"
2022-04-13 15:01:23[config.js] warn: "ENV ENTER:undefined"
2022-04-13 15:01:23[config.js] info: "Server started at port : 3000"
2022-04-13 15:01:26[config.js] warn: "DEFAULT ENV:preproduction"
2022-04-13 15:01:26[config.js] warn: "ENV ENTER:undefined"
2022-04-13 15:01:26[config.js] info: "Server started at port : 3000"
2022-04-13 15:01:32[config.js] info: "MongoDB connection succeeded."
2022-04-13 15:02:23[config.js] warn: "DEFAULT ENV:preproduction"
2022-04-13 15:02:24[config.js] warn: "ENV ENTER:undefined"
2022-04-13 15:02:24[config.js] info: "Server started at port : 3000"
2022-04-13 15:02:34[config.js] info: "MongoDB connection succeeded."
2022-04-13 15:02:37[config.js] warn: "DEFAULT ENV:preproduction"
2022-04-13 15:02:38[config.js] warn: "ENV ENTER:undefined"
2022-04-13 15:02:38[config.js] info: "Server started at port : 3000"
2022-04-13 15:02:41[config.js] info: "MongoDB connection succeeded."
2022-04-13 15:02:51[config.js] warn: "DEFAULT ENV:preproduction"
2022-04-13 15:02:52[config.js] warn: "ENV ENTER:undefined"
2022-04-13 15:02:52[config.js] info: "Server started at port : 3000"
2022-04-13 15:02:54[config.js] info: "MongoDB connection succeeded."
2022-04-13 15:03:00[config.js] warn: "DEFAULT ENV:preproduction"
2022-04-13 15:03:02[config.js] warn: "ENV ENTER:undefined"
2022-04-13 15:03:02[config.js] info: "Server started at port : 3000"
2022-04-13 15:03:04[config.js] info: "MongoDB connection succeeded."
2022-04-13 15:03:05[config.js] warn: "DEFAULT ENV:preproduction"
2022-04-13 15:03:06[config.js] warn: "ENV ENTER:undefined"
2022-04-13 15:03:06[config.js] info: "Server started at port : 3000"
2022-04-13 15:03:09[config.js] warn: "DEFAULT ENV:preproduction"
2022-04-13 15:03:10[config.js] warn: "ENV ENTER:undefined"
2022-04-13 15:03:10[config.js] info: "Server started at port : 3000"
2022-04-13 15:03:12[config.js] info: "MongoDB connection succeeded."
2022-04-13 15:04:22[config.js] warn: "DEFAULT ENV:preproduction"
2022-04-13 15:04:23[config.js] warn: "ENV ENTER:undefined"
2022-04-13 15:04:23[config.js] info: "Server started at port : 3000"
2022-04-13 15:04:26[config.js] warn: "DEFAULT ENV:preproduction"
2022-04-13 15:04:27[config.js] warn: "ENV ENTER:undefined"
2022-04-13 15:04:27[config.js] info: "Server started at port : 8081"
2022-04-13 15:04:29[config.js] warn: "DEFAULT ENV:preproduction"
2022-04-13 15:04:30[config.js] warn: "ENV ENTER:undefined"
2022-04-13 15:04:30[config.js] info: "Server started at port : 8081"
2022-04-13 15:04:32[config.js] info: "MongoDB connection succeeded."
2022-04-13 15:04:56[config.js] warn: "DEFAULT ENV:preproduction"
2022-04-13 15:04:57[config.js] warn: "ENV ENTER:undefined"
2022-04-13 15:04:57[config.js] info: "Server started at port : 8081"
2022-04-13 15:04:59[config.js] info: "MongoDB connection succeeded."
2022-04-13 15:05:01[config.js] warn: "DEFAULT ENV:preproduction"
2022-04-13 15:05:02[config.js] warn: "ENV ENTER:undefined"
2022-04-13 15:05:02[config.js] info: "Server started at port : 8081"
2022-04-13 15:05:04[config.js] warn: "DEFAULT ENV:preproduction"
2022-04-13 15:05:05[config.js] warn: "ENV ENTER:undefined"
2022-04-13 15:05:05[config.js] info: "Server started at port : 8010"
2022-04-13 15:05:07[config.js] info: "MongoDB connection succeeded."
2022-04-13 15:05:08[config.js] info: "GET /api/assignments?page=1&limit=5 200 149 - 679.031 ms\n"
2022-04-13 15:05:23[config.js] info: "GET /api/assignments?page=1&limit=72 200 150 - 303.431 ms\n"
2022-04-13 15:06:43[config.js] info: "GET /api/assignments?page=1&limit=100 200 151 - 209.157 ms\n"
2022-04-13 15:06:57[config.js] info: "GET /api/assignments?page=1&limit=57 200 150 - 232.430 ms\n"
2022-04-13 15:06:57[config.js] info: "GET /api/assignments?page=1&limit=44 200 150 - 219.928 ms\n"
2022-04-13 15:07:18[config.js] info: "OPTIONS /api/assignments 204 0 - 0.448 ms\n"
2022-04-13 15:07:19[config.js] info: "POST /api/assignments 200 52 - 301.655 ms\n"
2022-04-13 15:07:19[config.js] info: "GET /api/assignments?page=1&limit=5 200 245 - 241.393 ms\n"
2022-04-13 15:07:21[config.js] info: "GET /api/assignments/197843 200 96 - 236.475 ms\n"
2022-04-13 15:07:23[config.js] info: "PUT /api/assignments 200 43 - 274.066 ms\n"
2022-04-13 15:07:23[config.js] info: "GET /api/assignments?page=1&limit=5 200 264 - 231.000 ms\n"
2022-04-13 15:07:33[config.js] info: "OPTIONS /api/assignments 204 0 - 0.194 ms\n"
2022-04-13 15:07:34[config.js] info: "POST /api/assignments 200 63 - 437.158 ms\n"
2022-04-13 15:07:34[config.js] info: "GET /api/assignments?page=1&limit=5 200 394 - 347.276 ms\n"
2022-04-13 15:07:43[config.js] info: "OPTIONS /api/assignments 204 0 - 0.172 ms\n"
2022-04-13 15:07:43[config.js] info: "POST /api/assignments 200 61 - 222.139 ms\n"
2022-04-13 15:07:43[config.js] info: "GET /api/assignments?page=1&limit=5 200 522 - 196.856 ms\n"
2022-04-13 15:07:49[config.js] info: "GET /api/assignments?page=1&limit=92 200 523 - 230.711 ms\n"
2022-04-13 15:07:50[config.js] info: "GET /api/assignments?page=1&limit=5 304 - - 261.732 ms\n"
2022-04-13 15:14:28[config.js] info: "GET /api/assignments?page=1&limit=5 304 - - 228.462 ms\n"
2022-04-13 15:15:54[config.js] info: "GET /api/assignments?page=1&limit=5 304 - - 241.750 ms\n"
2022-04-13 15:17:34[config.js] info: "GET /api/assignments/197843 200 115 - 308.056 ms\n"
2022-04-13 15:17:38[config.js] info: "GET /api/assignments?page=1&limit=5 304 - - 234.541 ms\n"
2022-04-13 15:18:03[config.js] info: "GET /api/assignments?page=1&limit=5 304 - - 213.903 ms\n"
2022-04-13 15:19:06[config.js] info: "GET /api/assignments?page=1&limit=5 304 - - 287.145 ms\n"
2022-04-13 15:20:31[config.js] info: "GET /api/assignments?page=1&limit=5 304 - - 227.500 ms\n"
2022-04-13 15:21:59[config.js] info: "GET /api/assignments?page=1&limit=5 304 - - 227.949 ms\n"
2022-04-13 15:22:56[config.js] info: "GET /api/assignments?page=1&limit=5 304 - - 220.779 ms\n"
2022-04-13 15:24:01[config.js] info: "GET /api/assignments?page=1&limit=5 304 - - 224.038 ms\n"
2022-04-13 15:24:43[config.js] info: "GET /api/assignments?page=1&limit=5 304 - - 215.812 ms\n"
2022-04-13 15:25:03[config.js] info: "GET /api/assignments?page=1&limit=5 304 - - 333.779 ms\n"
2022-04-13 15:25:22[config.js] info: "GET /api/assignments?page=1&limit=5 304 - - 236.374 ms\n"
2022-04-13 15:25:41[config.js] info: "GET /api/assignments?page=1&limit=5 304 - - 219.281 ms\n"
2022-04-13 15:26:04[config.js] info: "GET /api/assignments/564556 200 127 - 234.668 ms\n"
2022-04-13 15:26:06[config.js] info: "GET /api/assignments?page=1&limit=5 304 - - 235.986 ms\n"
2022-04-13 15:28:22[config.js] info: "GET /api/assignments/564556 304 - - 249.596 ms\n"
2022-04-13 15:34:13[config.js] info: "GET /api/assignments/564556 304 - - 227.515 ms\n"
2022-04-13 15:34:20[config.js] info: "GET /api/assignments/564556 304 - - 220.296 ms\n"
2022-04-13 15:34:47[config.js] info: "GET /api/assignments/564556 304 - - 233.005 ms\n"
2022-04-13 15:34:52[config.js] info: "GET /api/assignments/564556 304 - - 213.936 ms\n"
2022-04-13 15:35:05[config.js] info: "GET /api/assignments/564556 304 - - 204.493 ms\n"
2022-04-13 15:35:26[config.js] info: "GET /api/assignments/564556 304 - - 494.200 ms\n"
2022-04-13 15:35:50[config.js] info: "GET /api/assignments/564556 304 - - 228.231 ms\n"
2022-04-13 15:38:26[config.js] info: "GET /api/assignments/564556 304 - - 219.593 ms\n"
2022-04-13 15:38:42[config.js] info: "GET /api/assignments/564556 304 - - 242.426 ms\n"
2022-04-13 15:39:14[config.js] info: "GET /api/assignments/564556 304 - - 231.292 ms\n"
2022-04-13 15:39:29[config.js] info: "GET /api/assignments/564556 304 - - 220.834 ms\n"
2022-04-13 15:39:44[config.js] info: "GET /api/assignments/564556 304 - - 234.258 ms\n"
2022-04-13 15:39:53[config.js] info: "GET /api/assignments?page=1&limit=5 304 - - 229.073 ms\n"
